{"C:\\Users\\acces\\Documents\\projects\\microverse\\To-do-List\\src\\modules\\Todo.js": {"path":"C:\\Users\\acces\\Documents\\projects\\microverse\\To-do-List\\src\\modules\\Todo.js","statementMap":{"0":{"start":{"line":3,"column":20},"end":{"line":3,"column":22}},"1":{"start":{"line":7,"column":4},"end":{"line":7,"column":23}},"2":{"start":{"line":11,"column":30},"end":{"line":13,"column":3}},"3":{"start":{"line":12,"column":4},"end":{"line":12,"column":64}},"4":{"start":{"line":15,"column":24},"end":{"line":21,"column":3}},"5":{"start":{"line":16,"column":16},"end":{"line":16,"column":17}},"6":{"start":{"line":17,"column":4},"end":{"line":19,"column":5}},"7":{"start":{"line":17,"column":17},"end":{"line":17,"column":18}},"8":{"start":{"line":18,"column":6},"end":{"line":18,"column":17}},"9":{"start":{"line":20,"column":4},"end":{"line":20,"column":17}},"10":{"start":{"line":24,"column":19},"end":{"line":31,"column":3}},"11":{"start":{"line":25,"column":17},"end":{"line":25,"column":72}},"12":{"start":{"line":26,"column":21},"end":{"line":26,"column":62}},"13":{"start":{"line":27,"column":4},"end":{"line":27,"column":29}},"14":{"start":{"line":28,"column":4},"end":{"line":28,"column":28}},"15":{"start":{"line":30,"column":4},"end":{"line":30,"column":30}},"16":{"start":{"line":34,"column":22},"end":{"line":37,"column":3}},"17":{"start":{"line":35,"column":4},"end":{"line":35,"column":32}},"18":{"start":{"line":36,"column":4},"end":{"line":36,"column":61}},"19":{"start":{"line":40,"column":22},"end":{"line":56,"column":3}},"20":{"start":{"line":41,"column":21},"end":{"line":41,"column":62}},"21":{"start":{"line":42,"column":18},"end":{"line":42,"column":55}},"22":{"start":{"line":43,"column":4},"end":{"line":43,"column":70}},"23":{"start":{"line":43,"column":51},"end":{"line":43,"column":68}},"24":{"start":{"line":45,"column":4},"end":{"line":49,"column":7}},"25":{"start":{"line":46,"column":6},"end":{"line":48,"column":7}},"26":{"start":{"line":47,"column":8},"end":{"line":47,"column":24}},"27":{"start":{"line":51,"column":4},"end":{"line":51,"column":28}},"28":{"start":{"line":53,"column":4},"end":{"line":53,"column":70}},"29":{"start":{"line":53,"column":24},"end":{"line":53,"column":70}},"30":{"start":{"line":55,"column":4},"end":{"line":55,"column":30}},"31":{"start":{"line":58,"column":23},"end":{"line":82,"column":3}},"32":{"start":{"line":59,"column":25},"end":{"line":59,"column":73}},"33":{"start":{"line":62,"column":4},"end":{"line":80,"column":5}},"34":{"start":{"line":63,"column":6},"end":{"line":79,"column":9}},"35":{"start":{"line":64,"column":8},"end":{"line":76,"column":9}},"36":{"start":{"line":65,"column":10},"end":{"line":65,"column":44}},"37":{"start":{"line":67,"column":10},"end":{"line":67,"column":44}},"38":{"start":{"line":69,"column":23},"end":{"line":69,"column":73}},"39":{"start":{"line":70,"column":10},"end":{"line":70,"column":32}},"40":{"start":{"line":72,"column":26},"end":{"line":72,"column":75}},"41":{"start":{"line":73,"column":10},"end":{"line":73,"column":45}},"42":{"start":{"line":75,"column":10},"end":{"line":75,"column":56}},"43":{"start":{"line":78,"column":8},"end":{"line":78,"column":34}},"44":{"start":{"line":81,"column":4},"end":{"line":81,"column":61}},"45":{"start":{"line":84,"column":20},"end":{"line":222,"column":3}},"46":{"start":{"line":85,"column":4},"end":{"line":221,"column":5}},"47":{"start":{"line":87,"column":6},"end":{"line":220,"column":7}},"48":{"start":{"line":88,"column":8},"end":{"line":88,"column":37}},"49":{"start":{"line":90,"column":8},"end":{"line":111,"column":9}},"50":{"start":{"line":90,"column":21},"end":{"line":90,"column":45}},"51":{"start":{"line":91,"column":23},"end":{"line":91,"column":39}},"52":{"start":{"line":92,"column":10},"end":{"line":110,"column":8}},"53":{"start":{"line":114,"column":8},"end":{"line":158,"column":11}},"54":{"start":{"line":116,"column":25},"end":{"line":116,"column":71}},"55":{"start":{"line":119,"column":12},"end":{"line":119,"column":48}},"56":{"start":{"line":124,"column":12},"end":{"line":124,"column":48}},"57":{"start":{"line":128,"column":12},"end":{"line":128,"column":51}},"58":{"start":{"line":133,"column":12},"end":{"line":133,"column":62}},"59":{"start":{"line":134,"column":12},"end":{"line":136,"column":18}},"60":{"start":{"line":135,"column":14},"end":{"line":135,"column":45}},"61":{"start":{"line":140,"column":12},"end":{"line":140,"column":51}},"62":{"start":{"line":142,"column":23},"end":{"line":142,"column":59}},"63":{"start":{"line":143,"column":30},"end":{"line":143,"column":57}},"64":{"start":{"line":146,"column":12},"end":{"line":146,"column":44}},"65":{"start":{"line":149,"column":12},"end":{"line":149,"column":47}},"66":{"start":{"line":153,"column":10},"end":{"line":153,"column":58}},"67":{"start":{"line":154,"column":10},"end":{"line":154,"column":58}},"68":{"start":{"line":155,"column":10},"end":{"line":155,"column":56}},"69":{"start":{"line":156,"column":10},"end":{"line":156,"column":58}},"70":{"start":{"line":157,"column":10},"end":{"line":157,"column":48}},"71":{"start":{"line":161,"column":8},"end":{"line":188,"column":11}},"72":{"start":{"line":162,"column":25},"end":{"line":162,"column":67}},"73":{"start":{"line":163,"column":36},"end":{"line":163,"column":72}},"74":{"start":{"line":164,"column":26},"end":{"line":164,"column":79}},"75":{"start":{"line":165,"column":10},"end":{"line":177,"column":13}},"76":{"start":{"line":167,"column":12},"end":{"line":167,"column":35}},"77":{"start":{"line":168,"column":12},"end":{"line":168,"column":54}},"78":{"start":{"line":170,"column":12},"end":{"line":170,"column":44}},"79":{"start":{"line":172,"column":12},"end":{"line":172,"column":48}},"80":{"start":{"line":173,"column":27},"end":{"line":173,"column":65}},"81":{"start":{"line":174,"column":12},"end":{"line":176,"column":15}},"82":{"start":{"line":175,"column":14},"end":{"line":175,"column":49}},"83":{"start":{"line":180,"column":30},"end":{"line":180,"column":70}},"84":{"start":{"line":181,"column":10},"end":{"line":187,"column":11}},"85":{"start":{"line":182,"column":12},"end":{"line":186,"column":15}},"86":{"start":{"line":183,"column":14},"end":{"line":183,"column":46}},"87":{"start":{"line":184,"column":40},"end":{"line":184,"column":71}},"88":{"start":{"line":185,"column":14},"end":{"line":185,"column":56}},"89":{"start":{"line":191,"column":8},"end":{"line":209,"column":11}},"90":{"start":{"line":195,"column":31},"end":{"line":197,"column":11}},"91":{"start":{"line":199,"column":10},"end":{"line":208,"column":13}},"92":{"start":{"line":200,"column":12},"end":{"line":200,"column":45}},"93":{"start":{"line":202,"column":26},"end":{"line":202,"column":75}},"94":{"start":{"line":204,"column":12},"end":{"line":205,"column":50}},"95":{"start":{"line":204,"column":33},"end":{"line":204,"column":69}},"96":{"start":{"line":205,"column":17},"end":{"line":205,"column":50}},"97":{"start":{"line":207,"column":12},"end":{"line":207,"column":38}},"98":{"start":{"line":213,"column":8},"end":{"line":218,"column":11}},"99":{"start":{"line":214,"column":27},"end":{"line":216,"column":11}},"100":{"start":{"line":217,"column":10},"end":{"line":217,"column":54}},"101":{"start":{"line":217,"column":30},"end":{"line":217,"column":54}},"102":{"start":{"line":219,"column":8},"end":{"line":219,"column":35}},"103":{"start":{"line":224,"column":31},"end":{"line":234,"column":3}},"104":{"start":{"line":226,"column":18},"end":{"line":226,"column":54}},"105":{"start":{"line":227,"column":21},"end":{"line":227,"column":62}},"106":{"start":{"line":228,"column":4},"end":{"line":233,"column":7}},"107":{"start":{"line":229,"column":6},"end":{"line":229,"column":80}},"108":{"start":{"line":229,"column":54},"end":{"line":229,"column":78}},"109":{"start":{"line":231,"column":6},"end":{"line":231,"column":32}},"110":{"start":{"line":232,"column":6},"end":{"line":232,"column":30}},"111":{"start":{"line":236,"column":22},"end":{"line":244,"column":3}},"112":{"start":{"line":238,"column":4},"end":{"line":238,"column":70}},"113":{"start":{"line":238,"column":51},"end":{"line":238,"column":68}},"114":{"start":{"line":240,"column":4},"end":{"line":240,"column":30}},"115":{"start":{"line":242,"column":21},"end":{"line":242,"column":62}},"116":{"start":{"line":243,"column":4},"end":{"line":243,"column":28}},"117":{"start":{"line":247,"column":0},"end":{"line":247,"column":22}}},"fnMap":{"0":{"name":"(anonymous_0)","decl":{"start":{"line":6,"column":2},"end":{"line":6,"column":3}},"loc":{"start":{"line":6,"column":16},"end":{"line":8,"column":3}},"line":6},"1":{"name":"(anonymous_1)","decl":{"start":{"line":11,"column":30},"end":{"line":11,"column":31}},"loc":{"start":{"line":11,"column":36},"end":{"line":13,"column":3}},"line":11},"2":{"name":"(anonymous_2)","decl":{"start":{"line":15,"column":24},"end":{"line":15,"column":25}},"loc":{"start":{"line":15,"column":36},"end":{"line":21,"column":3}},"line":15},"3":{"name":"(anonymous_3)","decl":{"start":{"line":24,"column":19},"end":{"line":24,"column":20}},"loc":{"start":{"line":24,"column":47},"end":{"line":31,"column":3}},"line":24},"4":{"name":"(anonymous_4)","decl":{"start":{"line":34,"column":22},"end":{"line":34,"column":23}},"loc":{"start":{"line":34,"column":39},"end":{"line":37,"column":3}},"line":34},"5":{"name":"(anonymous_5)","decl":{"start":{"line":40,"column":22},"end":{"line":40,"column":23}},"loc":{"start":{"line":40,"column":30},"end":{"line":56,"column":3}},"line":40},"6":{"name":"(anonymous_6)","decl":{"start":{"line":43,"column":41},"end":{"line":43,"column":42}},"loc":{"start":{"line":43,"column":51},"end":{"line":43,"column":68}},"line":43},"7":{"name":"(anonymous_7)","decl":{"start":{"line":45,"column":26},"end":{"line":45,"column":27}},"loc":{"start":{"line":45,"column":36},"end":{"line":49,"column":5}},"line":45},"8":{"name":"(anonymous_8)","decl":{"start":{"line":58,"column":23},"end":{"line":58,"column":24}},"loc":{"start":{"line":58,"column":48},"end":{"line":82,"column":3}},"line":58},"9":{"name":"(anonymous_9)","decl":{"start":{"line":63,"column":47},"end":{"line":63,"column":48}},"loc":{"start":{"line":63,"column":54},"end":{"line":79,"column":7}},"line":63},"10":{"name":"(anonymous_10)","decl":{"start":{"line":84,"column":20},"end":{"line":84,"column":21}},"loc":{"start":{"line":84,"column":39},"end":{"line":222,"column":3}},"line":84},"11":{"name":"(anonymous_11)","decl":{"start":{"line":114,"column":30},"end":{"line":114,"column":31}},"loc":{"start":{"line":114,"column":40},"end":{"line":158,"column":9}},"line":114},"12":{"name":"dragEnter","decl":{"start":{"line":117,"column":19},"end":{"line":117,"column":28}},"loc":{"start":{"line":117,"column":32},"end":{"line":120,"column":11}},"line":117},"13":{"name":"dragOver","decl":{"start":{"line":122,"column":19},"end":{"line":122,"column":27}},"loc":{"start":{"line":122,"column":31},"end":{"line":125,"column":11}},"line":122},"14":{"name":"dragLeave","decl":{"start":{"line":127,"column":19},"end":{"line":127,"column":28}},"loc":{"start":{"line":127,"column":32},"end":{"line":129,"column":11}},"line":127},"15":{"name":"dragStart","decl":{"start":{"line":132,"column":19},"end":{"line":132,"column":28}},"loc":{"start":{"line":132,"column":32},"end":{"line":137,"column":11}},"line":132},"16":{"name":"(anonymous_16)","decl":{"start":{"line":134,"column":23},"end":{"line":134,"column":24}},"loc":{"start":{"line":134,"column":29},"end":{"line":136,"column":13}},"line":134},"17":{"name":"drop","decl":{"start":{"line":139,"column":19},"end":{"line":139,"column":23}},"loc":{"start":{"line":139,"column":27},"end":{"line":150,"column":11}},"line":139},"18":{"name":"(anonymous_18)","decl":{"start":{"line":161,"column":30},"end":{"line":161,"column":31}},"loc":{"start":{"line":161,"column":47},"end":{"line":188,"column":9}},"line":161},"19":{"name":"(anonymous_19)","decl":{"start":{"line":165,"column":43},"end":{"line":165,"column":44}},"loc":{"start":{"line":165,"column":49},"end":{"line":177,"column":11}},"line":165},"20":{"name":"(anonymous_20)","decl":{"start":{"line":174,"column":45},"end":{"line":174,"column":46}},"loc":{"start":{"line":174,"column":51},"end":{"line":176,"column":13}},"line":174},"21":{"name":"(anonymous_21)","decl":{"start":{"line":182,"column":50},"end":{"line":182,"column":51}},"loc":{"start":{"line":182,"column":56},"end":{"line":186,"column":13}},"line":182},"22":{"name":"(anonymous_22)","decl":{"start":{"line":191,"column":30},"end":{"line":191,"column":31}},"loc":{"start":{"line":191,"column":40},"end":{"line":209,"column":9}},"line":191},"23":{"name":"(anonymous_23)","decl":{"start":{"line":199,"column":50},"end":{"line":199,"column":51}},"loc":{"start":{"line":199,"column":56},"end":{"line":208,"column":11}},"line":199},"24":{"name":"(anonymous_24)","decl":{"start":{"line":213,"column":30},"end":{"line":213,"column":31}},"loc":{"start":{"line":213,"column":40},"end":{"line":218,"column":9}},"line":213},"25":{"name":"(anonymous_25)","decl":{"start":{"line":224,"column":31},"end":{"line":224,"column":32}},"loc":{"start":{"line":224,"column":37},"end":{"line":234,"column":3}},"line":224},"26":{"name":"(anonymous_26)","decl":{"start":{"line":228,"column":36},"end":{"line":228,"column":37}},"loc":{"start":{"line":228,"column":42},"end":{"line":233,"column":5}},"line":228},"27":{"name":"(anonymous_27)","decl":{"start":{"line":229,"column":43},"end":{"line":229,"column":44}},"loc":{"start":{"line":229,"column":54},"end":{"line":229,"column":78}},"line":229},"28":{"name":"(anonymous_28)","decl":{"start":{"line":236,"column":22},"end":{"line":236,"column":23}},"loc":{"start":{"line":236,"column":28},"end":{"line":244,"column":3}},"line":236},"29":{"name":"(anonymous_29)","decl":{"start":{"line":238,"column":41},"end":{"line":238,"column":42}},"loc":{"start":{"line":238,"column":51},"end":{"line":238,"column":68}},"line":238}},"branchMap":{"0":{"loc":{"start":{"line":46,"column":6},"end":{"line":48,"column":7}},"type":"if","locations":[{"start":{"line":46,"column":6},"end":{"line":48,"column":7}},{"start":{},"end":{}}],"line":46},"1":{"loc":{"start":{"line":53,"column":4},"end":{"line":53,"column":70}},"type":"if","locations":[{"start":{"line":53,"column":4},"end":{"line":53,"column":70}},{"start":{},"end":{}}],"line":53},"2":{"loc":{"start":{"line":62,"column":4},"end":{"line":80,"column":5}},"type":"if","locations":[{"start":{"line":62,"column":4},"end":{"line":80,"column":5}},{"start":{},"end":{}}],"line":62},"3":{"loc":{"start":{"line":64,"column":8},"end":{"line":76,"column":9}},"type":"if","locations":[{"start":{"line":64,"column":8},"end":{"line":76,"column":9}},{"start":{},"end":{}}],"line":64},"4":{"loc":{"start":{"line":85,"column":4},"end":{"line":221,"column":5}},"type":"if","locations":[{"start":{"line":85,"column":4},"end":{"line":221,"column":5}},{"start":{},"end":{}}],"line":85},"5":{"loc":{"start":{"line":87,"column":6},"end":{"line":220,"column":7}},"type":"if","locations":[{"start":{"line":87,"column":6},"end":{"line":220,"column":7}},{"start":{},"end":{}}],"line":87},"6":{"loc":{"start":{"line":104,"column":18},"end":{"line":104,"column":51}},"type":"cond-expr","locations":[{"start":{"line":104,"column":35},"end":{"line":104,"column":46}},{"start":{"line":104,"column":49},"end":{"line":104,"column":51}}],"line":104},"7":{"loc":{"start":{"line":181,"column":10},"end":{"line":187,"column":11}},"type":"if","locations":[{"start":{"line":181,"column":10},"end":{"line":187,"column":11}},{"start":{},"end":{}}],"line":181},"8":{"loc":{"start":{"line":204,"column":12},"end":{"line":205,"column":50}},"type":"if","locations":[{"start":{"line":204,"column":12},"end":{"line":205,"column":50}},{"start":{"line":205,"column":17},"end":{"line":205,"column":50}}],"line":204},"9":{"loc":{"start":{"line":217,"column":10},"end":{"line":217,"column":54}},"type":"if","locations":[{"start":{"line":217,"column":10},"end":{"line":217,"column":54}},{"start":{},"end":{}}],"line":217}},"s":{"0":1,"1":0,"2":1,"3":6,"4":1,"5":0,"6":0,"7":0,"8":0,"9":0,"10":1,"11":5,"12":5,"13":5,"14":5,"15":5,"16":1,"17":0,"18":0,"19":1,"20":1,"21":1,"22":1,"23":3,"24":1,"25":2,"26":1,"27":1,"28":1,"29":0,"30":1,"31":1,"32":0,"33":0,"34":0,"35":0,"36":0,"37":0,"38":0,"39":0,"40":0,"41":0,"42":0,"43":0,"44":0,"45":1,"46":7,"47":7,"48":0,"49":0,"50":0,"51":0,"52":0,"53":0,"54":0,"55":0,"56":0,"57":0,"58":0,"59":0,"60":0,"61":0,"62":0,"63":0,"64":0,"65":0,"66":0,"67":0,"68":0,"69":0,"70":0,"71":0,"72":0,"73":0,"74":0,"75":0,"76":0,"77":0,"78":0,"79":0,"80":0,"81":0,"82":0,"83":0,"84":0,"85":0,"86":0,"87":0,"88":0,"89":0,"90":0,"91":0,"92":0,"93":0,"94":0,"95":0,"96":0,"97":0,"98":0,"99":0,"100":0,"101":0,"102":0,"103":1,"104":0,"105":0,"106":0,"107":0,"108":0,"109":0,"110":0,"111":1,"112":0,"113":0,"114":0,"115":0,"116":0,"117":1},"f":{"0":0,"1":6,"2":0,"3":5,"4":0,"5":1,"6":3,"7":2,"8":0,"9":0,"10":7,"11":0,"12":0,"13":0,"14":0,"15":0,"16":0,"17":0,"18":0,"19":0,"20":0,"21":0,"22":0,"23":0,"24":0,"25":0,"26":0,"27":0,"28":0,"29":0},"b":{"0":[1,1],"1":[0,1],"2":[0,0],"3":[0,0],"4":[7,0],"5":[0,7],"6":[0,0],"7":[0,0],"8":[0,0],"9":[0,0]},"_coverageSchema":"1a1c01bbd47fc00a2c39e90264f33305004495a9","hash":"fc2839e1c2f896d254d82ed9b964a5ae5ed3012a"}
}
