TN:
SF:src\modules\Todo.js
FN:6,(anonymous_0)
FN:11,(anonymous_1)
FN:15,(anonymous_2)
FN:24,(anonymous_3)
FN:34,(anonymous_4)
FN:40,(anonymous_5)
FN:43,(anonymous_6)
FN:45,(anonymous_7)
FN:58,(anonymous_8)
FN:63,(anonymous_9)
FN:84,(anonymous_10)
FN:114,(anonymous_11)
FN:117,dragEnter
FN:122,dragOver
FN:127,dragLeave
FN:132,dragStart
FN:134,(anonymous_16)
FN:139,drop
FN:161,(anonymous_18)
FN:165,(anonymous_19)
FN:174,(anonymous_20)
FN:182,(anonymous_21)
FN:191,(anonymous_22)
FN:199,(anonymous_23)
FN:213,(anonymous_24)
FN:224,(anonymous_25)
FN:228,(anonymous_26)
FN:229,(anonymous_27)
FN:236,(anonymous_28)
FN:238,(anonymous_29)
FNF:30
FNH:6
FNDA:0,(anonymous_0)
FNDA:6,(anonymous_1)
FNDA:0,(anonymous_2)
FNDA:5,(anonymous_3)
FNDA:0,(anonymous_4)
FNDA:1,(anonymous_5)
FNDA:3,(anonymous_6)
FNDA:2,(anonymous_7)
FNDA:0,(anonymous_8)
FNDA:0,(anonymous_9)
FNDA:7,(anonymous_10)
FNDA:0,(anonymous_11)
FNDA:0,dragEnter
FNDA:0,dragOver
FNDA:0,dragLeave
FNDA:0,dragStart
FNDA:0,(anonymous_16)
FNDA:0,drop
FNDA:0,(anonymous_18)
FNDA:0,(anonymous_19)
FNDA:0,(anonymous_20)
FNDA:0,(anonymous_21)
FNDA:0,(anonymous_22)
FNDA:0,(anonymous_23)
FNDA:0,(anonymous_24)
FNDA:0,(anonymous_25)
FNDA:0,(anonymous_26)
FNDA:0,(anonymous_27)
FNDA:0,(anonymous_28)
FNDA:0,(anonymous_29)
DA:3,1
DA:7,0
DA:11,1
DA:12,6
DA:15,1
DA:16,0
DA:17,0
DA:18,0
DA:20,0
DA:24,1
DA:25,5
DA:26,5
DA:27,5
DA:28,5
DA:30,5
DA:34,1
DA:35,0
DA:36,0
DA:40,1
DA:41,1
DA:42,1
DA:43,3
DA:45,1
DA:46,2
DA:47,1
DA:51,1
DA:53,1
DA:55,1
DA:58,1
DA:59,0
DA:62,0
DA:63,0
DA:64,0
DA:65,0
DA:67,0
DA:69,0
DA:70,0
DA:72,0
DA:73,0
DA:75,0
DA:78,0
DA:81,0
DA:84,1
DA:85,7
DA:87,7
DA:88,0
DA:90,0
DA:91,0
DA:92,0
DA:114,0
DA:116,0
DA:119,0
DA:124,0
DA:128,0
DA:133,0
DA:134,0
DA:135,0
DA:140,0
DA:142,0
DA:143,0
DA:146,0
DA:149,0
DA:153,0
DA:154,0
DA:155,0
DA:156,0
DA:157,0
DA:161,0
DA:162,0
DA:163,0
DA:164,0
DA:165,0
DA:167,0
DA:168,0
DA:170,0
DA:172,0
DA:173,0
DA:174,0
DA:175,0
DA:180,0
DA:181,0
DA:182,0
DA:183,0
DA:184,0
DA:185,0
DA:191,0
DA:195,0
DA:199,0
DA:200,0
DA:202,0
DA:204,0
DA:205,0
DA:207,0
DA:213,0
DA:214,0
DA:217,0
DA:219,0
DA:224,1
DA:226,0
DA:227,0
DA:228,0
DA:229,0
DA:231,0
DA:232,0
DA:236,1
DA:238,0
DA:240,0
DA:242,0
DA:243,0
DA:247,1
LF:110
LH:28
BRDA:46,0,0,1
BRDA:46,0,1,1
BRDA:53,1,0,0
BRDA:53,1,1,1
BRDA:62,2,0,0
BRDA:62,2,1,0
BRDA:64,3,0,0
BRDA:64,3,1,0
BRDA:85,4,0,7
BRDA:85,4,1,0
BRDA:87,5,0,0
BRDA:87,5,1,7
BRDA:104,6,0,0
BRDA:104,6,1,0
BRDA:181,7,0,0
BRDA:181,7,1,0
BRDA:204,8,0,0
BRDA:204,8,1,0
BRDA:217,9,0,0
BRDA:217,9,1,0
BRF:20
BRH:5
end_of_record
